<?xml version="1.0" encoding="UTF-8"?>
<testsuite xmlns:xsi="http://www.w3.org/2001/XMLSchema-instance" xsi:noNamespaceSchemaLocation="https://maven.apache.org/surefire/maven-surefire-plugin/xsd/surefire-test-report.xsd" name="com.example.CamelVulnAppTest" time="4.465" tests="8" errors="0" skipped="0" failures="0">
  <properties>
[...]
</properties>
  <testcase name="xssPostBodyRouteIsReachable" classname="com.example.CamelVulnAppTest" time="0.689"/>
  <testcase name="xssRouteIsReachable" classname="com.example.CamelVulnAppTest" time="0.011"/>
  <testcase name="sqlInjectionRouteIsReachable" classname="com.example.CamelVulnAppTest" time="0.021"/>
  <testcase name="statusRouteIsReachable" classname="com.example.CamelVulnAppTest" time="0.008"/>
  <testcase name="contextLoads" classname="com.example.CamelVulnAppTest" time="0.009"/>
  <testcase name="sqlInjectionPostRouteIsReachable" classname="com.example.CamelVulnAppTest" time="0.01"/>
  <testcase name="xxeRouteIsReachable" classname="com.example.CamelVulnAppTest" time="0.032"/>
  <testcase name="allRoutesRegistered" classname="com.example.CamelVulnAppTest" time="0.001"/>
</testsuite>